<?xml version="1.0" encoding="UTF-8"?>
<testsuite xmlns:xsi="http://www.w3.org/2001/XMLSchema-instance" xsi:schemaLocation="https://maven.apache.org/surefire/maven-surefire-plugin/xsd/surefire-test-report.xsd" name="pl.polsl.librarycatalogsystem.tests.LibraryTest" time="0.054" tests="44" errors="0" skipped="0" failures="0">
  <properties>
    <property name="java.runtime.name" value="OpenJDK Runtime Environment"/>
    <property name="java.vm.version" value="11+28"/>
    <property name="sun.boot.library.path" value="C:\Program Files\Java\jdk-11\bin"/>
    <property name="maven.multiModuleProjectDirectory" value="C:\Users\pauli\Documents\NetBeansProjects\LibraryCatalogSystem"/>
    <property name="java.vm.vendor" value="Oracle Corporation"/>
    <property name="java.vendor.url" value="http://java.oracle.com/"/>
    <property name="guice.disable.misplaced.annotation.check" value="true"/>
    <property name="path.separator" value=";"/>
    <property name="java.vm.name" value="OpenJDK 64-Bit Server VM"/>
    <property name="sun.os.patch.level" value=""/>
    <property name="user.script" value=""/>
    <property name="user.country" value="PL"/>
    <property name="sun.java.launcher" value="SUN_STANDARD"/>
    <property name="java.vm.specification.name" value="Java Virtual Machine Specification"/>
    <property name="user.dir" value="C:\Users\pauli\Documents\NetBeansProjects\LibraryCatalogSystem"/>
    <property name="java.vm.compressedOopsMode" value="Zero based"/>
    <property name="java.runtime.version" value="11+28"/>
    <property name="java.awt.graphicsenv" value="sun.awt.Win32GraphicsEnvironment"/>
    <property name="os.arch" value="amd64"/>
    <property name="java.io.tmpdir" value="C:\Users\pauli\AppData\Local\Temp\"/>
    <property name="line.separator" value="&#10;"/>
    <property name="java.vm.specification.vendor" value="Oracle Corporation"/>
    <property name="user.variant" value=""/>
    <property name="os.name" value="Windows 10"/>
    <property name="maven.ext.class.path" value="C:\Program Files\NetBeans-12.5\netbeans\java\maven-nblib\netbeans-eventspy.jar"/>
    <property name="classworlds.conf" value="C:\Program Files\NetBeans-12.5\netbeans\java\maven\bin\..\bin\m2.conf"/>
    <property name="sun.jnu.encoding" value="Cp1250"/>
    <property name="java.library.path" value="C:\Program Files\Java\jdk-11\bin;C:\WINDOWS\Sun\Java\bin;C:\WINDOWS\system32;C:\WINDOWS;C:\Program Files (x86)\amzi\apls\bin;C:\Program Files (x86)\Common Files\Oracle\Java\javapath;C:\Windows\system32;C:\Windows;C:\Windows\System32\Wbem;C:\Windows\System32\WindowsPowerShell\v1.0\;C:\Windows\System32\OpenSSH\;C:\Program Files (x86)\NVIDIA Corporation\PhysX\Common;C:\Program Files\NVIDIA Corporation\NVIDIA NvDLISR;C:\WINDOWS\system32;C:\WINDOWS;C:\WINDOWS\System32\Wbem;C:\WINDOWS\System32\WindowsPowerShell\v1.0\;C:\WINDOWS\System32\OpenSSH\;C:\Program Files\Microsoft SQL Server\130\Tools\Binn\;C:\Program Files\Microsoft SQL Server\Client SDK\ODBC\170\Tools\Binn\;C:\Program Files\Git\cmd;C:\Program Files\Java\jdk-13.0.1\bin;C:\Program Files\Git LFS;C:\Program Files\doxygen\bin;C:\Program Files (x86)\Visual Leak Detector\bin\Win32;C:\Program Files (x86)\Visual Leak Detector\bin\Win64;C:\WINDOWS\system32;C:\WINDOWS;C:\WINDOWS\System32\Wbem;C:\WINDOWS\System32\WindowsPowerShell\v1.0\;C:\WINDOWS\System32\OpenSSH\;C:\Program Files\dotnet\;C:\Users\pauli\AppData\Local\Microsoft\WindowsApps;C:\Users\pauli\AppData\Local\GitHubDesktop\bin;C:\Program Files (x86)\Dr. Memory\bin\;C:\Users\pauli\AppData\Local\Microsoft\WindowsApps;C:\Users\pauli\.dotnet\tools;C:\Users\pauli\AppData\Local\Programs\Microsoft VS Code\bin;."/>
    <property name="maven.conf" value="C:\Program Files\NetBeans-12.5\netbeans\java\maven\bin\../conf"/>
    <property name="jdk.debug" value="release"/>
    <property name="java.class.version" value="55.0"/>
    <property name="java.specification.name" value="Java Platform API Specification"/>
    <property name="sun.management.compiler" value="HotSpot 64-Bit Tiered Compilers"/>
    <property name="os.version" value="10.0"/>
    <property name="library.jansi.path" value="C:\Program Files\NetBeans-12.5\netbeans\java\maven\bin\..\lib\jansi-native"/>
    <property name="user.home" value="C:\Users\pauli"/>
    <property name="user.timezone" value="Europe/Belgrade"/>
    <property name="java.awt.printerjob" value="sun.awt.windows.WPrinterJob"/>
    <property name="file.encoding" value="UTF-8"/>
    <property name="java.specification.version" value="11"/>
    <property name="user.name" value="pauli"/>
    <property name="java.class.path" value="C:\Program Files\NetBeans-12.5\netbeans\java\maven\bin\..\boot\plexus-classworlds-2.6.0.jar"/>
    <property name="java.vm.specification.version" value="11"/>
    <property name="sun.arch.data.model" value="64"/>
    <property name="sun.java.command" value="org.codehaus.plexus.classworlds.launcher.Launcher -Dmaven.ext.class.path=C:\Program Files\NetBeans-12.5\netbeans\java\maven-nblib\netbeans-eventspy.jar -Dfile.encoding=UTF-8 install"/>
    <property name="java.home" value="C:\Program Files\Java\jdk-11"/>
    <property name="user.language" value="pl"/>
    <property name="java.specification.vendor" value="Oracle Corporation"/>
    <property name="awt.toolkit" value="sun.awt.windows.WToolkit"/>
    <property name="java.vm.info" value="mixed mode"/>
    <property name="java.version" value="11"/>
    <property name="java.vendor" value="Oracle Corporation"/>
    <property name="maven.home" value="C:\Program Files\NetBeans-12.5\netbeans\java\maven\bin\.."/>
    <property name="file.separator" value="\"/>
    <property name="java.version.date" value="2018-09-25"/>
    <property name="java.vendor.url.bug" value="http://bugreport.java.com/bugreport/"/>
    <property name="sun.io.unicode.encoding" value="UnicodeLittle"/>
    <property name="sun.cpu.endian" value="little"/>
    <property name="java.vendor.version" value="18.9"/>
    <property name="sun.desktop" value="windows"/>
    <property name="sun.cpu.isalist" value="amd64"/>
  </properties>
  <testcase name="testSearchByID{int, boolean}[1]" classname="pl.polsl.librarycatalogsystem.tests.LibraryTest" time="0.004"/>
  <testcase name="testSearchByID{int, boolean}[2]" classname="pl.polsl.librarycatalogsystem.tests.LibraryTest" time="0.001"/>
  <testcase name="testSearchByID{int, boolean}[3]" classname="pl.polsl.librarycatalogsystem.tests.LibraryTest" time="0"/>
  <testcase name="testSearchByID{int, boolean}[4]" classname="pl.polsl.librarycatalogsystem.tests.LibraryTest" time="0.001"/>
  <testcase name="testSearchByID{int, boolean}[5]" classname="pl.polsl.librarycatalogsystem.tests.LibraryTest" time="0.001"/>
  <testcase name="testSearchByID{int, boolean}[6]" classname="pl.polsl.librarycatalogsystem.tests.LibraryTest" time="0"/>
  <testcase name="testAddNewNullBook" classname="pl.polsl.librarycatalogsystem.tests.LibraryTest" time="0"/>
  <testcase name="testAddNewBook{ArgumentsAccessor}[1]" classname="pl.polsl.librarycatalogsystem.tests.LibraryTest" time="0.003"/>
  <testcase name="testAddNewBook{ArgumentsAccessor}[2]" classname="pl.polsl.librarycatalogsystem.tests.LibraryTest" time="0"/>
  <testcase name="testAddNewBook{ArgumentsAccessor}[3]" classname="pl.polsl.librarycatalogsystem.tests.LibraryTest" time="0"/>
  <testcase name="testDeleteNullBook" classname="pl.polsl.librarycatalogsystem.tests.LibraryTest" time="0"/>
  <testcase name="testFindLastId{ArgumentsAccessor}[1]" classname="pl.polsl.librarycatalogsystem.tests.LibraryTest" time="0.001"/>
  <testcase name="testFindLastId{ArgumentsAccessor}[2]" classname="pl.polsl.librarycatalogsystem.tests.LibraryTest" time="0.001"/>
  <testcase name="testFindLastId{ArgumentsAccessor}[3]" classname="pl.polsl.librarycatalogsystem.tests.LibraryTest" time="0.001"/>
  <testcase name="testSearchByTitle{String, int}[1]" classname="pl.polsl.librarycatalogsystem.tests.LibraryTest" time="0.001"/>
  <testcase name="testSearchByTitle{String, int}[2]" classname="pl.polsl.librarycatalogsystem.tests.LibraryTest" time="0.001"/>
  <testcase name="testSearchByTitle{String, int}[3]" classname="pl.polsl.librarycatalogsystem.tests.LibraryTest" time="0"/>
  <testcase name="testSearchByTitle{String, int}[4]" classname="pl.polsl.librarycatalogsystem.tests.LibraryTest" time="0"/>
  <testcase name="testSearchByTitle{String, int}[5]" classname="pl.polsl.librarycatalogsystem.tests.LibraryTest" time="0.001"/>
  <testcase name="testSearchByTitle{String, int}[6]" classname="pl.polsl.librarycatalogsystem.tests.LibraryTest" time="0"/>
  <testcase name="testSearchByTitle{String, int}[7]" classname="pl.polsl.librarycatalogsystem.tests.LibraryTest" time="0"/>
  <testcase name="testIncrementLastID{int}[1]" classname="pl.polsl.librarycatalogsystem.tests.LibraryTest" time="0"/>
  <testcase name="testIncrementLastID{int}[2]" classname="pl.polsl.librarycatalogsystem.tests.LibraryTest" time="0"/>
  <testcase name="testIncrementLastID{int}[3]" classname="pl.polsl.librarycatalogsystem.tests.LibraryTest" time="0"/>
  <testcase name="testIncrementLastID{int}[4]" classname="pl.polsl.librarycatalogsystem.tests.LibraryTest" time="0.001"/>
  <testcase name="testResetId" classname="pl.polsl.librarycatalogsystem.tests.LibraryTest" time="0.001"/>
  <testcase name="testDeleteNonExistingBook{int}[1]" classname="pl.polsl.librarycatalogsystem.tests.LibraryTest" time="0"/>
  <testcase name="testDeleteNonExistingBook{int}[2]" classname="pl.polsl.librarycatalogsystem.tests.LibraryTest" time="0"/>
  <testcase name="testDeleteNonExistingBook{int}[3]" classname="pl.polsl.librarycatalogsystem.tests.LibraryTest" time="0.001"/>
  <testcase name="testDeleteNonExistingBook{int}[4]" classname="pl.polsl.librarycatalogsystem.tests.LibraryTest" time="0"/>
  <testcase name="testDeleteBook{int}[1]" classname="pl.polsl.librarycatalogsystem.tests.LibraryTest" time="0.002"/>
  <testcase name="testDeleteBook{int}[2]" classname="pl.polsl.librarycatalogsystem.tests.LibraryTest" time="0"/>
  <testcase name="testDeleteBook{int}[3]" classname="pl.polsl.librarycatalogsystem.tests.LibraryTest" time="0"/>
  <testcase name="testGetBooksListReadOnly" classname="pl.polsl.librarycatalogsystem.tests.LibraryTest" time="0.001"/>
  <testcase name="testSearchByAuthor{String, int}[1]" classname="pl.polsl.librarycatalogsystem.tests.LibraryTest" time="0.001"/>
  <testcase name="testSearchByAuthor{String, int}[2]" classname="pl.polsl.librarycatalogsystem.tests.LibraryTest" time="0.001"/>
  <testcase name="testSearchByAuthor{String, int}[3]" classname="pl.polsl.librarycatalogsystem.tests.LibraryTest" time="0"/>
  <testcase name="testSearchByAuthor{String, int}[4]" classname="pl.polsl.librarycatalogsystem.tests.LibraryTest" time="0"/>
  <testcase name="testSearchByAuthor{String, int}[5]" classname="pl.polsl.librarycatalogsystem.tests.LibraryTest" time="0.001"/>
  <testcase name="testSearchByAuthor{String, int}[6]" classname="pl.polsl.librarycatalogsystem.tests.LibraryTest" time="0.001"/>
  <testcase name="testSearchByAuthor{String, int}[7]" classname="pl.polsl.librarycatalogsystem.tests.LibraryTest" time="0"/>
  <testcase name="testSearchByAuthor{String, int}[8]" classname="pl.polsl.librarycatalogsystem.tests.LibraryTest" time="0"/>
  <testcase name="testSearchByAuthor{String, int}[9]" classname="pl.polsl.librarycatalogsystem.tests.LibraryTest" time="0.001"/>
  <testcase name="testSearchByAuthor{String, int}[10]" classname="pl.polsl.librarycatalogsystem.tests.LibraryTest" time="0"/>
</testsuite>